# JRE version: OpenJDK Runtime Environment (7.0_75-b13) (build 1.7.0_75-b13)
# Java VM: OpenJDK 64-Bit Server VM (24.75-b04 mixed mode linux-amd64 compressed oops)
Heap
 PSYoungGen      total 255488K, used 7629K [0x00000000ebd00000, 0x00000000ffd00000, 0x0000000100000000)
  eden space 186368K, 0% used [0x00000000ebd00000,0x00000000ebd00000,0x00000000f7300000)
  from space 69120K, 11% used [0x00000000f7300000,0x00000000f7a734d8,0x00000000fb680000)
  to   space 67072K, 0% used [0x00000000fbb80000,0x00000000fbb80000,0x00000000ffd00000)
 ParOldGen       total 363520K, used 363219K [0x00000000c3800000, 0x00000000d9b00000, 0x00000000ebd00000)
  object space 363520K, 99% used [0x00000000c3800000,0x00000000d9ab4df0,0x00000000d9b00000)
 PSPermGen       total 21504K, used 3891K [0x00000000b9200000, 0x00000000ba700000, 0x00000000c3800000)
  object space 21504K, 18% used [0x00000000b9200000,0x00000000b95ccf78,0x00000000ba700000)
GC Heap History (10 events):
Event: 8.142 GC heap after
Heap after GC invocations=43 (full 4):
 PSYoungGen      total 236544K, used 35120K [0x00000000ebd00000, 0x00000000ffa80000, 0x0000000100000000)
  eden space 154624K, 0% used [0x00000000ebd00000,0x00000000ebd00000,0x00000000f5400000)
  from space 81920K, 42% used [0x00000000f5400000,0x00000000f764c110,0x00000000fa400000)
  to   space 77824K, 0% used [0x00000000fae80000,0x00000000fae80000,0x00000000ffa80000)
 ParOldGen       total 363520K, used 297621K [0x00000000c3800000, 0x00000000d9b00000, 0x00000000ebd00000)
  object space 363520K, 81% used [0x00000000c3800000,0x00000000d5aa5540,0x00000000d9b00000)
 PSPermGen       total 21504K, used 3891K [0x00000000b9200000, 0x00000000ba700000, 0x00000000c3800000)
  object space 21504K, 18% used [0x00000000b9200000,0x00000000b95ccf78,0x00000000ba700000)
}
Event: 8.213 GC heap before
{Heap before GC invocations=44 (full 4):
 PSYoungGen      total 236544K, used 189744K [0x00000000ebd00000, 0x00000000ffa80000, 0x0000000100000000)
  eden space 154624K, 100% used [0x00000000ebd00000,0x00000000f5400000,0x00000000f5400000)
  from space 81920K, 42% used [0x00000000f5400000,0x00000000f764c110,0x00000000fa400000)
  to   space 77824K, 0% used [0x00000000fae80000,0x00000000fae80000,0x00000000ffa80000)
 ParOldGen       total 363520K, used 297621K [0x00000000c3800000, 0x00000000d9b00000, 0x00000000ebd00000)
  object space 363520K, 81% used [0x00000000c3800000,0x00000000d5aa5540,0x00000000d9b00000)
 PSPermGen       total 21504K, used 3891K [0x00000000b9200000, 0x00000000ba700000, 0x00000000c3800000)
  object space 21504K, 18% used [0x00000000b9200000,0x00000000b95ccf78,0x00000000ba700000)
Event: 8.291 GC heap after
Heap after GC invocations=44 (full 4):
 PSYoungGen      total 242176K, used 36640K [0x00000000ebd00000, 0x00000000ff400000, 0x0000000100000000)
  eden space 171008K, 0% used [0x00000000ebd00000,0x00000000ebd00000,0x00000000f6400000)
  from space 71168K, 51% used [0x00000000fae80000,0x00000000fd2480f0,0x00000000ff400000)
  to   space 73728K, 0% used [0x00000000f6400000,0x00000000f6400000,0x00000000fac00000)
 ParOldGen       total 363520K, used 303909K [0x00000000c3800000, 0x00000000d9b00000, 0x00000000ebd00000)
  object space 363520K, 83% used [0x00000000c3800000,0x00000000d60c9550,0x00000000d9b00000)
 PSPermGen       total 21504K, used 3891K [0x00000000b9200000, 0x00000000ba700000, 0x00000000c3800000)
  object space 21504K, 18% used [0x00000000b9200000,0x00000000b95ccf78,0x00000000ba700000)
}
Event: 8.363 GC heap before
{Heap before GC invocations=45 (full 4):
 PSYoungGen      total 242176K, used 207648K [0x00000000ebd00000, 0x00000000ff400000, 0x0000000100000000)
  eden space 171008K, 100% used [0x00000000ebd00000,0x00000000f6400000,0x00000000f6400000)
  from space 71168K, 51% used [0x00000000fae80000,0x00000000fd2480f0,0x00000000ff400000)
  to   space 73728K, 0% used [0x00000000f6400000,0x00000000f6400000,0x00000000fac00000)
 ParOldGen       total 363520K, used 303909K [0x00000000c3800000, 0x00000000d9b00000, 0x00000000ebd00000)
  object space 363520K, 83% used [0x00000000c3800000,0x00000000d60c9550,0x00000000d9b00000)
 PSPermGen       total 21504K, used 3891K [0x00000000b9200000, 0x00000000ba700000, 0x00000000c3800000)
  object space 21504K, 18% used [0x00000000b9200000,0x00000000b95ccf78,0x00000000ba700000)
Event: 8.476 GC heap after
Heap after GC invocations=45 (full 4):
 PSYoungGen      total 244736K, used 31584K [0x00000000ebd00000, 0x00000000ffc80000, 0x0000000100000000)
  eden space 171008K, 0% used [0x00000000ebd00000,0x00000000ebd00000,0x00000000f6400000)
  from space 73728K, 42% used [0x00000000f6400000,0x00000000f82d80a0,0x00000000fac00000)
  to   space 70656K, 0% used [0x00000000fb780000,0x00000000fb780000,0x00000000ffc80000)
 ParOldGen       total 363520K, used 317589K [0x00000000c3800000, 0x00000000d9b00000, 0x00000000ebd00000)
  object space 363520K, 87% used [0x00000000c3800000,0x00000000d6e255d0,0x00000000d9b00000)
 PSPermGen       total 21504K, used 3891K [0x00000000b9200000, 0x00000000ba700000, 0x00000000c3800000)
  object space 21504K, 18% used [0x00000000b9200000,0x00000000b95ccf78,0x00000000ba700000)
}
Event: 8.550 GC heap before
{Heap before GC invocations=46 (full 4):
 PSYoungGen      total 244736K, used 202592K [0x00000000ebd00000, 0x00000000ffc80000, 0x0000000100000000)
  eden space 171008K, 100% used [0x00000000ebd00000,0x00000000f6400000,0x00000000f6400000)
  from space 73728K, 42% used [0x00000000f6400000,0x00000000f82d80a0,0x00000000fac00000)
  to   space 70656K, 0% used [0x00000000fb780000,0x00000000fb780000,0x00000000ffc80000)
 ParOldGen       total 363520K, used 317589K [0x00000000c3800000, 0x00000000d9b00000, 0x00000000ebd00000)
  object space 363520K, 87% used [0x00000000c3800000,0x00000000d6e255d0,0x00000000d9b00000)
 PSPermGen       total 21504K, used 3891K [0x00000000b9200000, 0x00000000ba700000, 0x00000000c3800000)
  object space 21504K, 18% used [0x00000000b9200000,0x00000000b95ccf78,0x00000000ba700000)
Event: 8.646 GC heap after
Heap after GC invocations=46 (full 4):
 PSYoungGen      total 254464K, used 24992K [0x00000000ebd00000, 0x00000000ffa00000, 0x0000000100000000)
  eden space 186368K, 0% used [0x00000000ebd00000,0x00000000ebd00000,0x00000000f7300000)
  from space 68096K, 36% used [0x00000000fb780000,0x00000000fcfe8040,0x00000000ffa00000)
  to   space 69120K, 0% used [0x00000000f7300000,0x00000000f7300000,0x00000000fb680000)
 ParOldGen       total 363520K, used 332837K [0x00000000c3800000, 0x00000000d9b00000, 0x00000000ebd00000)
  object space 363520K, 91% used [0x00000000c3800000,0x00000000d7d09670,0x00000000d9b00000)
 PSPermGen       total 21504K, used 3891K [0x00000000b9200000, 0x00000000ba700000, 0x00000000c3800000)
  object space 21504K, 18% used [0x00000000b9200000,0x00000000b95ccf78,0x00000000ba700000)
}
Event: 8.784 GC heap before
{Heap before GC invocations=47 (full 4):
 PSYoungGen      total 254464K, used 211360K [0x00000000ebd00000, 0x00000000ffa00000, 0x0000000100000000)
  eden space 186368K, 100% used [0x00000000ebd00000,0x00000000f7300000,0x00000000f7300000)
  from space 68096K, 36% used [0x00000000fb780000,0x00000000fcfe8040,0x00000000ffa00000)
  to   space 69120K, 0% used [0x00000000f7300000,0x00000000f7300000,0x00000000fb680000)
 ParOldGen       total 363520K, used 332837K [0x00000000c3800000, 0x00000000d9b00000, 0x00000000ebd00000)
  object space 363520K, 91% used [0x00000000c3800000,0x00000000d7d09670,0x00000000d9b00000)
 PSPermGen       total 21504K, used 3891K [0x00000000b9200000, 0x00000000ba700000, 0x00000000c3800000)
  object space 21504K, 18% used [0x00000000b9200000,0x00000000b95ccf78,0x00000000ba700000)
Event: 8.889 GC heap after
Heap after GC invocations=47 (full 4):
 PSYoungGen      total 255488K, used 28210K [0x00000000ebd00000, 0x00000000ffd00000, 0x0000000100000000)
  eden space 186368K, 0% used [0x00000000ebd00000,0x00000000ebd00000,0x00000000f7300000)
  from space 69120K, 40% used [0x00000000f7300000,0x00000000f8e8cac0,0x00000000fb680000)
  to   space 67072K, 0% used [0x00000000fbb80000,0x00000000fbb80000,0x00000000ffd00000)
 ParOldGen       total 363520K, used 349253K [0x00000000c3800000, 0x00000000d9b00000, 0x00000000ebd00000)
  object space 363520K, 96% used [0x00000000c3800000,0x00000000d8d11690,0x00000000d9b00000)
 PSPermGen       total 21504K, used 3891K [0x00000000b9200000, 0x00000000ba700000, 0x00000000c3800000)
  object space 21504K, 18% used [0x00000000b9200000,0x00000000b95ccf78,0x00000000ba700000)
}
Event: 8.889 GC heap before
{Heap before GC invocations=48 (full 5):
 PSYoungGen      total 255488K, used 28210K [0x00000000ebd00000, 0x00000000ffd00000, 0x0000000100000000)
  eden space 186368K, 0% used [0x00000000ebd00000,0x00000000ebd00000,0x00000000f7300000)
  from space 69120K, 40% used [0x00000000f7300000,0x00000000f8e8cac0,0x00000000fb680000)
  to   space 67072K, 0% used [0x00000000fbb80000,0x00000000fbb80000,0x00000000ffd00000)
 ParOldGen       total 363520K, used 349253K [0x00000000c3800000, 0x00000000d9b00000, 0x00000000ebd00000)
  object space 363520K, 96% used [0x00000000c3800000,0x00000000d8d11690,0x00000000d9b00000)
 PSPermGen       total 21504K, used 3891K [0x00000000b9200000, 0x00000000ba700000, 0x00000000c3800000)
  object space 21504K, 18% used [0x00000000b9200000,0x00000000b95ccf78,0x00000000ba700000)

