# JRE version: OpenJDK Runtime Environment (7.0_75-b13) (build 1.7.0_75-b13)
# Java VM: OpenJDK 64-Bit Server VM (24.75-b04 mixed mode linux-amd64 compressed oops)
Heap
 PSYoungGen      total 134144K, used 8192K [0x00000000ebd00000, 0x00000000f4900000, 0x0000000100000000)
  eden space 125952K, 0% used [0x00000000ebd00000,0x00000000ebd00000,0x00000000f3800000)
  from space 8192K, 100% used [0x00000000f3800000,0x00000000f4000000,0x00000000f4000000)
  to   space 7168K, 0% used [0x00000000f4000000,0x00000000f4000000,0x00000000f4700000)
 ParOldGen       total 40960K, used 10960K [0x00000000c3800000, 0x00000000c6000000, 0x00000000ebd00000)
  object space 40960K, 26% used [0x00000000c3800000,0x00000000c42b4090,0x00000000c6000000)
 PSPermGen       total 21504K, used 3867K [0x00000000b9200000, 0x00000000ba700000, 0x00000000c3800000)
  object space 21504K, 17% used [0x00000000b9200000,0x00000000b95c6d60,0x00000000ba700000)
GC Heap History (10 events):
Event: 0.328 GC heap after
Heap after GC invocations=2 (full 0):
 PSYoungGen      total 34304K, used 2160K [0x00000000ebd00000, 0x00000000ee100000, 0x0000000100000000)
  eden space 31744K, 0% used [0x00000000ebd00000,0x00000000ebd00000,0x00000000edc00000)
  from space 2560K, 84% used [0x00000000ede80000,0x00000000ee09c010,0x00000000ee100000)
  to   space 2560K, 0% used [0x00000000edc00000,0x00000000edc00000,0x00000000ede80000)
 ParOldGen       total 40960K, used 16K [0x00000000c3800000, 0x00000000c6000000, 0x00000000ebd00000)
  object space 40960K, 0% used [0x00000000c3800000,0x00000000c3804000,0x00000000c6000000)
 PSPermGen       total 21504K, used 3866K [0x00000000b9200000, 0x00000000ba700000, 0x00000000c3800000)
  object space 21504K, 17% used [0x00000000b9200000,0x00000000b95c6a50,0x00000000ba700000)
}
Event: 0.425 GC heap before
{Heap before GC invocations=3 (full 0):
 PSYoungGen      total 34304K, used 33904K [0x00000000ebd00000, 0x00000000ee100000, 0x0000000100000000)
  eden space 31744K, 100% used [0x00000000ebd00000,0x00000000edc00000,0x00000000edc00000)
  from space 2560K, 84% used [0x00000000ede80000,0x00000000ee09c010,0x00000000ee100000)
  to   space 2560K, 0% used [0x00000000edc00000,0x00000000edc00000,0x00000000ede80000)
 ParOldGen       total 40960K, used 16K [0x00000000c3800000, 0x00000000c6000000, 0x00000000ebd00000)
  object space 40960K, 0% used [0x00000000c3800000,0x00000000c3804000,0x00000000c6000000)
 PSPermGen       total 21504K, used 3866K [0x00000000b9200000, 0x00000000ba700000, 0x00000000c3800000)
  object space 21504K, 17% used [0x00000000b9200000,0x00000000b95c6a70,0x00000000ba700000)
Event: 0.843 GC heap after
Heap after GC invocations=3 (full 0):
 PSYoungGen      total 34304K, used 2544K [0x00000000ebd00000, 0x00000000f0000000, 0x0000000100000000)
  eden space 31744K, 0% used [0x00000000ebd00000,0x00000000ebd00000,0x00000000edc00000)
  from space 2560K, 99% used [0x00000000edc00000,0x00000000ede7c010,0x00000000ede80000)
  to   space 2560K, 0% used [0x00000000efd80000,0x00000000efd80000,0x00000000f0000000)
 ParOldGen       total 40960K, used 1280K [0x00000000c3800000, 0x00000000c6000000, 0x00000000ebd00000)
  object space 40960K, 3% used [0x00000000c3800000,0x00000000c3940000,0x00000000c6000000)
 PSPermGen       total 21504K, used 3866K [0x00000000b9200000, 0x00000000ba700000, 0x00000000c3800000)
  object space 21504K, 17% used [0x00000000b9200000,0x00000000b95c6a70,0x00000000ba700000)
}
Event: 0.866 GC heap before
{Heap before GC invocations=4 (full 0):
 PSYoungGen      total 34304K, used 34288K [0x00000000ebd00000, 0x00000000f0000000, 0x0000000100000000)
  eden space 31744K, 100% used [0x00000000ebd00000,0x00000000edc00000,0x00000000edc00000)
  from space 2560K, 99% used [0x00000000edc00000,0x00000000ede7c010,0x00000000ede80000)
  to   space 2560K, 0% used [0x00000000efd80000,0x00000000efd80000,0x00000000f0000000)
 ParOldGen       total 40960K, used 1280K [0x00000000c3800000, 0x00000000c6000000, 0x00000000ebd00000)
  object space 40960K, 3% used [0x00000000c3800000,0x00000000c3940000,0x00000000c6000000)
 PSPermGen       total 21504K, used 3866K [0x00000000b9200000, 0x00000000ba700000, 0x00000000c3800000)
  object space 21504K, 17% used [0x00000000b9200000,0x00000000b95c6a70,0x00000000ba700000)
Event: 0.872 GC heap after
Heap after GC invocations=4 (full 0):
 PSYoungGen      total 66048K, used 2544K [0x00000000ebd00000, 0x00000000f0000000, 0x0000000100000000)
  eden space 63488K, 0% used [0x00000000ebd00000,0x00000000ebd00000,0x00000000efb00000)
  from space 2560K, 99% used [0x00000000efd80000,0x00000000efffc010,0x00000000f0000000)
  to   space 2560K, 0% used [0x00000000efb00000,0x00000000efb00000,0x00000000efd80000)
 ParOldGen       total 40960K, used 2944K [0x00000000c3800000, 0x00000000c6000000, 0x00000000ebd00000)
  object space 40960K, 7% used [0x00000000c3800000,0x00000000c3ae0000,0x00000000c6000000)
 PSPermGen       total 21504K, used 3866K [0x00000000b9200000, 0x00000000ba700000, 0x00000000c3800000)
  object space 21504K, 17% used [0x00000000b9200000,0x00000000b95c6a70,0x00000000ba700000)
}
Event: 0.906 GC heap before
{Heap before GC invocations=5 (full 0):
 PSYoungGen      total 66048K, used 66032K [0x00000000ebd00000, 0x00000000f0000000, 0x0000000100000000)
  eden space 63488K, 100% used [0x00000000ebd00000,0x00000000efb00000,0x00000000efb00000)
  from space 2560K, 99% used [0x00000000efd80000,0x00000000efffc010,0x00000000f0000000)
  to   space 2560K, 0% used [0x00000000efb00000,0x00000000efb00000,0x00000000efd80000)
 ParOldGen       total 40960K, used 2944K [0x00000000c3800000, 0x00000000c6000000, 0x00000000ebd00000)
  object space 40960K, 7% used [0x00000000c3800000,0x00000000c3ae0000,0x00000000c6000000)
 PSPermGen       total 21504K, used 3867K [0x00000000b9200000, 0x00000000ba700000, 0x00000000c3800000)
  object space 21504K, 17% used [0x00000000b9200000,0x00000000b95c6c80,0x00000000ba700000)
Event: 0.920 GC heap after
Heap after GC invocations=5 (full 0):
 PSYoungGen      total 66048K, used 2544K [0x00000000ebd00000, 0x00000000f4700000, 0x0000000100000000)
  eden space 63488K, 0% used [0x00000000ebd00000,0x00000000ebd00000,0x00000000efb00000)
  from space 2560K, 99% used [0x00000000efb00000,0x00000000efd7c010,0x00000000efd80000)
  to   space 7168K, 0% used [0x00000000f4000000,0x00000000f4000000,0x00000000f4700000)
 ParOldGen       total 40960K, used 6456K [0x00000000c3800000, 0x00000000c6000000, 0x00000000ebd00000)
  object space 40960K, 15% used [0x00000000c3800000,0x00000000c3e4e000,0x00000000c6000000)
 PSPermGen       total 21504K, used 3867K [0x00000000b9200000, 0x00000000ba700000, 0x00000000c3800000)
  object space 21504K, 17% used [0x00000000b9200000,0x00000000b95c6c80,0x00000000ba700000)
}
Event: 0.952 GC heap before
{Heap before GC invocations=6 (full 0):
 PSYoungGen      total 66048K, used 66032K [0x00000000ebd00000, 0x00000000f4700000, 0x0000000100000000)
  eden space 63488K, 100% used [0x00000000ebd00000,0x00000000efb00000,0x00000000efb00000)
  from space 2560K, 99% used [0x00000000efb00000,0x00000000efd7c010,0x00000000efd80000)
  to   space 7168K, 0% used [0x00000000f4000000,0x00000000f4000000,0x00000000f4700000)
 ParOldGen       total 40960K, used 6456K [0x00000000c3800000, 0x00000000c6000000, 0x00000000ebd00000)
  object space 40960K, 15% used [0x00000000c3800000,0x00000000c3e4e000,0x00000000c6000000)
 PSPermGen       total 21504K, used 3867K [0x00000000b9200000, 0x00000000ba700000, 0x00000000c3800000)
  object space 21504K, 17% used [0x00000000b9200000,0x00000000b95c6c80,0x00000000ba700000)
Event: 0.962 GC heap after
Heap after GC invocations=6 (full 0):
 PSYoungGen      total 133120K, used 6096K [0x00000000ebd00000, 0x00000000f4900000, 0x0000000100000000)
  eden space 125952K, 0% used [0x00000000ebd00000,0x00000000ebd00000,0x00000000f3800000)
  from space 7168K, 85% used [0x00000000f4000000,0x00000000f45f4010,0x00000000f4700000)
  to   space 8192K, 0% used [0x00000000f3800000,0x00000000f3800000,0x00000000f4000000)
 ParOldGen       total 40960K, used 6456K [0x00000000c3800000, 0x00000000c6000000, 0x00000000ebd00000)
  object space 40960K, 15% used [0x00000000c3800000,0x00000000c3e4e000,0x00000000c6000000)
 PSPermGen       total 21504K, used 3867K [0x00000000b9200000, 0x00000000ba700000, 0x00000000c3800000)
  object space 21504K, 17% used [0x00000000b9200000,0x00000000b95c6c80,0x00000000ba700000)
}
Event: 1.179 GC heap before
{Heap before GC invocations=7 (full 0):
 PSYoungGen      total 133120K, used 132048K [0x00000000ebd00000, 0x00000000f4900000, 0x0000000100000000)
  eden space 125952K, 100% used [0x00000000ebd00000,0x00000000f3800000,0x00000000f3800000)
  from space 7168K, 85% used [0x00000000f4000000,0x00000000f45f4010,0x00000000f4700000)
  to   space 8192K, 0% used [0x00000000f3800000,0x00000000f3800000,0x00000000f4000000)
 ParOldGen       total 40960K, used 6456K [0x00000000c3800000, 0x00000000c6000000, 0x00000000ebd00000)
  object space 40960K, 15% used [0x00000000c3800000,0x00000000c3e4e000,0x00000000c6000000)
 PSPermGen       total 21504K, used 3867K [0x00000000b9200000, 0x00000000ba700000, 0x00000000c3800000)
  object space 21504K, 17% used [0x00000000b9200000,0x00000000b95c6d60,0x00000000ba700000)

